# JRE version: OpenJDK Runtime Environment (17.0.13+11) (build 17.0.13+11-Ubuntu-2ubuntu122.04)
# Java VM: OpenJDK 64-Bit Server VM (17.0.13+11-Ubuntu-2ubuntu122.04, mixed mode, sharing, tiered, compressed oops, compressed class ptrs, g1 gc, linux-amd64)
GC Precious Log:
 CPUs: 16 total, 16 available
 Memory: 7862M
 Large Page Support: Disabled
 NUMA Support: Disabled
 Compressed Oops: Enabled (32-bit)
 Heap Region Size: 1M
 Heap Min Capacity: 8M
 Heap Initial Capacity: 124M
 Heap Max Capacity: 512M
 Pre-touch: Disabled
 Parallel Workers: 13
 Concurrent Workers: 3
 Concurrent Refinement Workers: 13
 Periodic GC: Disabled
Heap:
 garbage-first heap   total 68608K, used 27039K [0x00000000e0000000, 0x0000000100000000)
  region size 1024K, 15 young (15360K), 4 survivors (4096K)
 Metaspace       used 24082K, committed 24320K, reserved 1114112K
  class space    used 2611K, committed 2752K, reserved 1048576K
GC Heap History (14 events):
Event: 0.079 GC heap before
{Heap before GC invocations=0 (full 0):
 garbage-first heap   total 129024K, used 6064K [0x00000000e0000000, 0x0000000100000000)
  region size 1024K, 6 young (6144K), 0 survivors (0K)
 Metaspace       used 447K, committed 640K, reserved 1114112K
  class space    used 12K, committed 128K, reserved 1048576K
}
Event: 0.081 GC heap after
{Heap after GC invocations=1 (full 0):
 garbage-first heap   total 129024K, used 5533K [0x00000000e0000000, 0x0000000100000000)
  region size 1024K, 1 young (1024K), 1 survivors (1024K)
 Metaspace       used 447K, committed 640K, reserved 1114112K
  class space    used 12K, committed 128K, reserved 1048576K
}
Event: 0.184 GC heap before
{Heap before GC invocations=1 (full 0):
 garbage-first heap   total 129024K, used 9629K [0x00000000e0000000, 0x0000000100000000)
  region size 1024K, 6 young (6144K), 1 survivors (1024K)
 Metaspace       used 523K, committed 704K, reserved 1114112K
  class space    used 12K, committed 128K, reserved 1048576K
}
Event: 0.185 GC heap after
{Heap after GC invocations=2 (full 0):
 garbage-first heap   total 129024K, used 9138K [0x00000000e0000000, 0x0000000100000000)
  region size 1024K, 1 young (1024K), 1 survivors (1024K)
 Metaspace       used 523K, committed 704K, reserved 1114112K
  class space    used 12K, committed 128K, reserved 1048576K
}
Event: 0.242 GC heap before
{Heap before GC invocations=2 (full 0):
 garbage-first heap   total 129024K, used 14258K [0x00000000e0000000, 0x0000000100000000)
  region size 1024K, 6 young (6144K), 1 survivors (1024K)
 Metaspace       used 2303K, committed 2496K, reserved 1114112K
  class space    used 217K, committed 320K, reserved 1048576K
}
Event: 0.244 GC heap after
{Heap after GC invocations=3 (full 0):
 garbage-first heap   total 129024K, used 12326K [0x00000000e0000000, 0x0000000100000000)
  region size 1024K, 1 young (1024K), 1 survivors (1024K)
 Metaspace       used 2303K, committed 2496K, reserved 1114112K
  class space    used 217K, committed 320K, reserved 1048576K
}
Event: 0.338 GC heap before
{Heap before GC invocations=3 (full 0):
 garbage-first heap   total 129024K, used 16422K [0x00000000e0000000, 0x0000000100000000)
  region size 1024K, 6 young (6144K), 1 survivors (1024K)
 Metaspace       used 5890K, committed 6016K, reserved 1114112K
  class space    used 633K, committed 704K, reserved 1048576K
}
Event: 0.339 GC heap after
{Heap after GC invocations=4 (full 0):
 garbage-first heap   total 129024K, used 13412K [0x00000000e0000000, 0x0000000100000000)
  region size 1024K, 1 young (1024K), 1 survivors (1024K)
 Metaspace       used 5890K, committed 6016K, reserved 1114112K
  class space    used 633K, committed 704K, reserved 1048576K
}
Event: 0.409 GC heap before
{Heap before GC invocations=4 (full 0):
 garbage-first heap   total 129024K, used 18532K [0x00000000e0000000, 0x0000000100000000)
  region size 1024K, 6 young (6144K), 1 survivors (1024K)
 Metaspace       used 7282K, committed 7488K, reserved 1114112K
  class space    used 817K, committed 896K, reserved 1048576K
}
Event: 0.412 GC heap after
{Heap after GC invocations=5 (full 0):
 garbage-first heap   total 129024K, used 13966K [0x00000000e0000000, 0x0000000100000000)
  region size 1024K, 1 young (1024K), 1 survivors (1024K)
 Metaspace       used 7282K, committed 7488K, reserved 1114112K
  class space    used 817K, committed 896K, reserved 1048576K
}
Event: 0.483 GC heap before
{Heap before GC invocations=5 (full 0):
 garbage-first heap   total 129024K, used 22158K [0x00000000e0000000, 0x0000000100000000)
  region size 1024K, 9 young (9216K), 1 survivors (1024K)
 Metaspace       used 9217K, committed 9408K, reserved 1114112K
  class space    used 1085K, committed 1152K, reserved 1048576K
}
Event: 0.485 GC heap after
{Heap after GC invocations=6 (full 0):
 garbage-first heap   total 129024K, used 14802K [0x00000000e0000000, 0x0000000100000000)
  region size 1024K, 2 young (2048K), 2 survivors (2048K)
 Metaspace       used 9217K, committed 9408K, reserved 1114112K
  class space    used 1085K, committed 1152K, reserved 1048576K
}
Event: 0.778 GC heap before
{Heap before GC invocations=6 (full 0):
 garbage-first heap   total 129024K, used 56786K [0x00000000e0000000, 0x0000000100000000)
  region size 1024K, 44 young (45056K), 2 survivors (2048K)
 Metaspace       used 21334K, committed 21504K, reserved 1114112K
  class space    used 2193K, committed 2304K, reserved 1048576K
}
Event: 0.782 GC heap after
{Heap after GC invocations=7 (full 0):
 garbage-first heap   total 129024K, used 16799K [0x00000000e0000000, 0x0000000100000000)
  region size 1024K, 4 young (4096K), 4 survivors (4096K)
 Metaspace       used 21334K, committed 21504K, reserved 1114112K
  class space    used 2193K, committed 2304K, reserved 1048576K
}

