# JRE version: OpenJDK Runtime Environment (17.0.13+11) (build 17.0.13+11-Ubuntu-2ubuntu122.04)
# Java VM: OpenJDK 64-Bit Server VM (17.0.13+11-Ubuntu-2ubuntu122.04, mixed mode, sharing, tiered, compressed oops, compressed class ptrs, g1 gc, linux-amd64)
GC Precious Log:
 CPUs: 16 total, 16 available
 Memory: 7862M
 Large Page Support: Disabled
 NUMA Support: Disabled
 Compressed Oops: Enabled (32-bit)
 Heap Region Size: 1M
 Heap Min Capacity: 8M
 Heap Initial Capacity: 124M
 Heap Max Capacity: 512M
 Pre-touch: Disabled
 Parallel Workers: 13
 Concurrent Workers: 3
 Concurrent Refinement Workers: 13
 Periodic GC: Disabled
Heap:
 garbage-first heap   total 143360K, used 85195K [0x00000000e0000000, 0x0000000100000000)
  region size 1024K, 30 young (30720K), 4 survivors (4096K)
 Metaspace       used 24390K, committed 24640K, reserved 1114112K
  class space    used 2601K, committed 2752K, reserved 1048576K
GC Heap History (20 events):
Event: 0.291 GC heap before
{Heap before GC invocations=3 (full 0):
 garbage-first heap   total 129024K, used 16180K [0x00000000e0000000, 0x0000000100000000)
  region size 1024K, 6 young (6144K), 1 survivors (1024K)
 Metaspace       used 5969K, committed 6208K, reserved 1114112K
  class space    used 636K, committed 768K, reserved 1048576K
}
Event: 0.293 GC heap after
{Heap after GC invocations=4 (full 0):
 garbage-first heap   total 129024K, used 13232K [0x00000000e0000000, 0x0000000100000000)
  region size 1024K, 1 young (1024K), 1 survivors (1024K)
 Metaspace       used 5969K, committed 6208K, reserved 1114112K
  class space    used 636K, committed 768K, reserved 1048576K
}
Event: 0.356 GC heap before
{Heap before GC invocations=4 (full 0):
 garbage-first heap   total 129024K, used 17328K [0x00000000e0000000, 0x0000000100000000)
  region size 1024K, 6 young (6144K), 1 survivors (1024K)
 Metaspace       used 7325K, committed 7488K, reserved 1114112K
  class space    used 818K, committed 896K, reserved 1048576K
}
Event: 0.358 GC heap after
{Heap after GC invocations=5 (full 0):
 garbage-first heap   total 129024K, used 13753K [0x00000000e0000000, 0x0000000100000000)
  region size 1024K, 1 young (1024K), 1 survivors (1024K)
 Metaspace       used 7325K, committed 7488K, reserved 1114112K
  class space    used 818K, committed 896K, reserved 1048576K
}
Event: 0.425 GC heap before
{Heap before GC invocations=5 (full 0):
 garbage-first heap   total 129024K, used 21945K [0x00000000e0000000, 0x0000000100000000)
  region size 1024K, 9 young (9216K), 1 survivors (1024K)
 Metaspace       used 9306K, committed 9472K, reserved 1114112K
  class space    used 1089K, committed 1216K, reserved 1048576K
}
Event: 0.428 GC heap after
{Heap after GC invocations=6 (full 0):
 garbage-first heap   total 129024K, used 14586K [0x00000000e0000000, 0x0000000100000000)
  region size 1024K, 2 young (2048K), 2 survivors (2048K)
 Metaspace       used 9306K, committed 9472K, reserved 1114112K
  class space    used 1089K, committed 1216K, reserved 1048576K
}
Event: 0.736 GC heap before
{Heap before GC invocations=6 (full 0):
 garbage-first heap   total 129024K, used 58618K [0x00000000e0000000, 0x0000000100000000)
  region size 1024K, 44 young (45056K), 2 survivors (2048K)
 Metaspace       used 21362K, committed 21504K, reserved 1114112K
  class space    used 2192K, committed 2240K, reserved 1048576K
}
Event: 0.743 GC heap after
{Heap after GC invocations=7 (full 0):
 garbage-first heap   total 129024K, used 18577K [0x00000000e0000000, 0x0000000100000000)
  region size 1024K, 4 young (4096K), 4 survivors (4096K)
 Metaspace       used 21362K, committed 21504K, reserved 1114112K
  class space    used 2192K, committed 2240K, reserved 1048576K
}
Event: 0.922 GC heap before
{Heap before GC invocations=8 (full 0):
 garbage-first heap   total 75776K, used 46225K [0x00000000e0000000, 0x0000000100000000)
  region size 1024K, 31 young (31744K), 4 survivors (4096K)
 Metaspace       used 24091K, committed 24320K, reserved 1114112K
  class space    used 2586K, committed 2688K, reserved 1048576K
}
Event: 0.932 GC heap after
{Heap after GC invocations=9 (full 0):
 garbage-first heap   total 75776K, used 26100K [0x00000000e0000000, 0x0000000100000000)
  region size 1024K, 4 young (4096K), 4 survivors (4096K)
 Metaspace       used 24091K, committed 24320K, reserved 1114112K
  class space    used 2586K, committed 2688K, reserved 1048576K
}
Event: 0.956 GC heap before
{Heap before GC invocations=9 (full 0):
 garbage-first heap   total 75776K, used 37364K [0x00000000e0000000, 0x0000000100000000)
  region size 1024K, 15 young (15360K), 4 survivors (4096K)
 Metaspace       used 24109K, committed 24320K, reserved 1114112K
  class space    used 2586K, committed 2688K, reserved 1048576K
}
Event: 0.965 GC heap after
{Heap after GC invocations=10 (full 0):
 garbage-first heap   total 75776K, used 31327K [0x00000000e0000000, 0x0000000100000000)
  region size 1024K, 2 young (2048K), 2 survivors (2048K)
 Metaspace       used 24109K, committed 24320K, reserved 1114112K
  class space    used 2586K, committed 2688K, reserved 1048576K
}
Event: 0.997 GC heap before
{Heap before GC invocations=10 (full 0):
 garbage-first heap   total 75776K, used 44639K [0x00000000e0000000, 0x0000000100000000)
  region size 1024K, 15 young (15360K), 2 survivors (2048K)
 Metaspace       used 24218K, committed 24448K, reserved 1114112K
  class space    used 2601K, committed 2752K, reserved 1048576K
}
Event: 1.007 GC heap after
{Heap after GC invocations=11 (full 0):
 garbage-first heap   total 151552K, used 37302K [0x00000000e0000000, 0x0000000100000000)
  region size 1024K, 2 young (2048K), 2 survivors (2048K)
 Metaspace       used 24218K, committed 24448K, reserved 1114112K
  class space    used 2601K, committed 2752K, reserved 1048576K
}
Event: 1.046 GC heap before
{Heap before GC invocations=12 (full 0):
 garbage-first heap   total 143360K, used 46518K [0x00000000e0000000, 0x0000000100000000)
  region size 1024K, 11 young (11264K), 2 survivors (2048K)
 Metaspace       used 24271K, committed 24512K, reserved 1114112K
  class space    used 2601K, committed 2752K, reserved 1048576K
}
Event: 1.051 GC heap after
{Heap after GC invocations=13 (full 0):
 garbage-first heap   total 143360K, used 41398K [0x00000000e0000000, 0x0000000100000000)
  region size 1024K, 2 young (2048K), 2 survivors (2048K)
 Metaspace       used 24271K, committed 24512K, reserved 1114112K
  class space    used 2601K, committed 2752K, reserved 1048576K
}
Event: 1.086 GC heap before
{Heap before GC invocations=13 (full 0):
 garbage-first heap   total 143360K, used 58806K [0x00000000e0000000, 0x0000000100000000)
  region size 1024K, 20 young (20480K), 2 survivors (2048K)
 Metaspace       used 24310K, committed 24576K, reserved 1114112K
  class space    used 2601K, committed 2752K, reserved 1048576K
}
Event: 1.094 GC heap after
{Heap after GC invocations=14 (full 0):
 garbage-first heap   total 143360K, used 49402K [0x00000000e0000000, 0x0000000100000000)
  region size 1024K, 3 young (3072K), 3 survivors (3072K)
 Metaspace       used 24310K, committed 24576K, reserved 1114112K
  class space    used 2601K, committed 2752K, reserved 1048576K
}
Event: 1.128 GC heap before
{Heap before GC invocations=14 (full 0):
 garbage-first heap   total 143360K, used 69882K [0x00000000e0000000, 0x0000000100000000)
  region size 1024K, 23 young (23552K), 3 survivors (3072K)
 Metaspace       used 24382K, committed 24640K, reserved 1114112K
  class space    used 2601K, committed 2752K, reserved 1048576K
}
Event: 1.135 GC heap after
{Heap after GC invocations=15 (full 0):
 garbage-first heap   total 143360K, used 58571K [0x00000000e0000000, 0x0000000100000000)
  region size 1024K, 3 young (3072K), 3 survivors (3072K)
 Metaspace       used 24382K, committed 24640K, reserved 1114112K
  class space    used 2601K, committed 2752K, reserved 1048576K
}

